tracename mesa_f2b
---Dinero IV cache simulator, version 7
---Written by Jan Edler and Mark D. Hill
---Copyright (C) 1997 NEC Research Institute, Inc. and Mark D. Hill.
---All rights reserved.
---Copyright (C) 1985, 1989 Mark D. Hill.  All rights reserved.
---See -copyright option for details

---Summary of options (-help option gives usage information).

-l1-isize 16384
-l1-dsize 2048
-l1-ibsize 4
-l1-dbsize 4
-l1-isbsize 4
-l1-dsbsize 4
-l1-iassoc 1
-l1-dassoc 1
-l1-irepl l
-l1-drepl l
-l1-ifetch d
-l1-dfetch d
-l1-dwalloc a
-l1-dwback a
-skipcount 0
-flushcount 0
-maxcount 0
-stat-interval 0
-informat s
-on-trigger 0x0
-off-trigger 0x0

---Simulation begins.
---Simulation complete.
l1-icache
 Metrics		      Total	      Instrn	       Data	       Read	      Write	       Misc
 -----------------	      ------	      ------	      ------	      ------	      ------	      ------
 Demand Fetches		   200000000	   200000000	           0	           0	           0	           0
  Fraction of total	      1.0000	      1.0000	      0.0000	      0.0000	      0.0000	      0.0000

 Demand Misses		    13839888	    13839888	           0	           0	           0	           0
  Demand miss rate	      0.0692	      0.0692	      0.0000	      0.0000	      0.0000	      0.0000

 Multi-block refs                 0
 Bytes From Memory	    55359552
 ( / Demand Fetches)	      0.2768
 Bytes To Memory	           0
 ( / Demand Writes)	      0.0000
 Total Bytes r/w Mem	    55359552
 ( / Demand Fetches)	      0.2768

l1-dcache
 Metrics		      Total	      Instrn	       Data	       Read	      Write	       Misc
 -----------------	      ------	      ------	      ------	      ------	      ------	      ------
 Demand Fetches		    70485749	           0	    70485749	    55138350	    15347399	           0
  Fraction of total	      1.0000	      0.0000	      1.0000	      0.7823	      0.2177	      0.0000

 Demand Misses		     3477033	           0	     3477033	     2680167	      796866	           0
  Demand miss rate	      0.0493	      0.0000	      0.0493	      0.0486	      0.0519	      0.0000

 Multi-block refs            112657
 Bytes From Memory	    10721476
 ( / Demand Fetches)	      0.1521
 Bytes To Memory	     4540008
 ( / Demand Writes)	      0.2958
 Total Bytes r/w Mem	    15261484
 ( / Demand Fetches)	      0.2165

---Execution complete.
