tracename mesa_f2b
---Dinero IV cache simulator, version 7
---Written by Jan Edler and Mark D. Hill
---Copyright (C) 1997 NEC Research Institute, Inc. and Mark D. Hill.
---All rights reserved.
---Copyright (C) 1985, 1989 Mark D. Hill.  All rights reserved.
---See -copyright option for details

---Summary of options (-help option gives usage information).

-l1-isize 8192
-l1-dsize 16384
-l1-ibsize 4
-l1-dbsize 4
-l1-isbsize 4
-l1-dsbsize 4
-l1-iassoc 1
-l1-dassoc 1
-l1-irepl l
-l1-drepl l
-l1-ifetch d
-l1-dfetch d
-l1-dwalloc a
-l1-dwback a
-skipcount 0
-flushcount 0
-maxcount 0
-stat-interval 0
-informat s
-on-trigger 0x0
-off-trigger 0x0

---Simulation begins.
---Simulation complete.
l1-icache
 Metrics		      Total	      Instrn	       Data	       Read	      Write	       Misc
 -----------------	      ------	      ------	      ------	      ------	      ------	      ------
 Demand Fetches		    20000000	    20000000	           0	           0	           0	           0
  Fraction of total	      1.0000	      1.0000	      0.0000	      0.0000	      0.0000	      0.0000

 Demand Misses		     3006240	     3006240	           0	           0	           0	           0
  Demand miss rate	      0.1503	      0.1503	      0.0000	      0.0000	      0.0000	      0.0000

 Multi-block refs                 0
 Bytes From Memory	    12024960
 ( / Demand Fetches)	      0.6012
 Bytes To Memory	           0
 ( / Demand Writes)	      0.0000
 Total Bytes r/w Mem	    12024960
 ( / Demand Fetches)	      0.6012

l1-dcache
 Metrics		      Total	      Instrn	       Data	       Read	      Write	       Misc
 -----------------	      ------	      ------	      ------	      ------	      ------	      ------
 Demand Fetches		     7321617	           0	     7321617	     5679870	     1641747	           0
  Fraction of total	      1.0000	      0.0000	      1.0000	      0.7758	      0.2242	      0.0000

 Demand Misses		      187004	           0	      187004	       12486	      174518	           0
  Demand miss rate	      0.0255	      0.0000	      0.0255	      0.0022	      0.1063	      0.0000

 Multi-block refs             11325
 Bytes From Memory	       50744
 ( / Demand Fetches)	      0.0069
 Bytes To Memory	      705440
 ( / Demand Writes)	      0.4297
 Total Bytes r/w Mem	      756184
 ( / Demand Fetches)	      0.1033

---Execution complete.
