tracename gcc_f2b
---Dinero IV cache simulator, version 7
---Written by Jan Edler and Mark D. Hill
---Copyright (C) 1997 NEC Research Institute, Inc. and Mark D. Hill.
---All rights reserved.
---Copyright (C) 1985, 1989 Mark D. Hill.  All rights reserved.
---See -copyright option for details

---Summary of options (-help option gives usage information).

-l1-isize 32768
-l1-dsize 524288
-l1-ibsize 4
-l1-dbsize 4
-l1-isbsize 4
-l1-dsbsize 4
-l1-iassoc 1
-l1-dassoc 1
-l1-irepl l
-l1-drepl l
-l1-ifetch d
-l1-dfetch d
-l1-dwalloc a
-l1-dwback a
-skipcount 0
-flushcount 0
-maxcount 0
-stat-interval 0
-informat s
-on-trigger 0x0
-off-trigger 0x0

---Simulation begins.
---Simulation complete.
l1-icache
 Metrics		      Total	      Instrn	       Data	       Read	      Write	       Misc
 -----------------	      ------	      ------	      ------	      ------	      ------	      ------
 Demand Fetches		   199999979	   199999979	           0	           0	           0	           0
  Fraction of total	      1.0000	      1.0000	      0.0000	      0.0000	      0.0000	      0.0000

 Demand Misses		    19035573	    19035573	           0	           0	           0	           0
  Demand miss rate	      0.0952	      0.0952	      0.0000	      0.0000	      0.0000	      0.0000

 Multi-block refs                 0
 Bytes From Memory	    76142292
 ( / Demand Fetches)	      0.3807
 Bytes To Memory	           0
 ( / Demand Writes)	      0.0000
 Total Bytes r/w Mem	    76142292
 ( / Demand Fetches)	      0.3807

l1-dcache
 Metrics		      Total	      Instrn	       Data	       Read	      Write	       Misc
 -----------------	      ------	      ------	      ------	      ------	      ------	      ------
 Demand Fetches		    93790897	           0	    93790897	    71007571	    22783326	           0
  Fraction of total	      1.0000	      0.0000	      1.0000	      0.7571	      0.2429	      0.0000

 Demand Misses		      887529	           0	      887529	      377723	      509806	           0
  Demand miss rate	      0.0095	      0.0000	      0.0095	      0.0053	      0.0224	      0.0000

 Multi-block refs           1477452
 Bytes From Memory	     1534728
 ( / Demand Fetches)	      0.0164
 Bytes To Memory	     2327508
 ( / Demand Writes)	      0.1022
 Total Bytes r/w Mem	     3862236
 ( / Demand Fetches)	      0.0412

---Execution complete.
