
gcc
2
l1-icache
  Demand miss rate	      0.3531	      0.3531	      0.0000	      0.0000	      0.0000	      0.0000
l1-dcache
  Demand miss rate	      0.2430	      0.0000	      0.2430	      0.1592	      0.4870	      0.0000
4
l1-icache
  Demand miss rate	      0.2787	      0.2787	      0.0000	      0.0000	      0.0000	      0.0000
l1-dcache
  Demand miss rate	      0.2147	      0.0000	      0.2147	      0.1315	      0.4569	      0.0000
8
l1-icache
  Demand miss rate	      0.2008	      0.2008	      0.0000	      0.0000	      0.0000	      0.0000
l1-dcache
  Demand miss rate	      0.1963	      0.0000	      0.1963	      0.1145	      0.4346	      0.0000
16
l1-icache
  Demand miss rate	      0.1188	      0.1188	      0.0000	      0.0000	      0.0000	      0.0000
l1-dcache
  Demand miss rate	      0.1780	      0.0000	      0.1780	      0.1014	      0.4009	      0.0000
32
l1-icache
  Demand miss rate	      0.0654	      0.0654	      0.0000	      0.0000	      0.0000	      0.0000
l1-dcache
  Demand miss rate	      0.1624	      0.0000	      0.1624	      0.0913	      0.3693	      0.0000
64
l1-icache
  Demand miss rate	      0.0384	      0.0384	      0.0000	      0.0000	      0.0000	      0.0000
l1-dcache
  Demand miss rate	      0.1491	      0.0000	      0.1491	      0.0795	      0.3520	      0.0000
mesa
2
l1-icache
  Demand miss rate	      0.5273	      0.5273	      0.0000	      0.0000	      0.0000	      0.0000
l1-dcache
  Demand miss rate	      0.1516	      0.0000	      0.1516	      0.1369	      0.1878	      0.0000
4
l1-icache
  Demand miss rate	      0.3882	      0.3882	      0.0000	      0.0000	      0.0000	      0.0000
l1-dcache
  Demand miss rate	      0.1070	      0.0000	      0.1070	      0.0902	      0.1482	      0.0000
8
l1-icache
  Demand miss rate	      0.1731	      0.1731	      0.0000	      0.0000	      0.0000	      0.0000
l1-dcache
  Demand miss rate	      0.0551	      0.0000	      0.0551	      0.0399	      0.0925	      0.0000
16
l1-icache
  Demand miss rate	      0.0630	      0.0630	      0.0000	      0.0000	      0.0000	      0.0000
l1-dcache
  Demand miss rate	      0.0382	      0.0000	      0.0382	      0.0240	      0.0730	      0.0000
32
l1-icache
  Demand miss rate	      0.0239	      0.0239	      0.0000	      0.0000	      0.0000	      0.0000
l1-dcache
  Demand miss rate	      0.0283	      0.0000	      0.0283	      0.0149	      0.0612	      0.0000
64
l1-icache
  Demand miss rate	      0.0065	      0.0065	      0.0000	      0.0000	      0.0000	      0.0000
l1-dcache
  Demand miss rate	      0.0221	      0.0000	      0.0221	      0.0100	      0.0517	      0.0000
galgel
2
l1-icache
  Demand miss rate	      0.0184	      0.0184	      0.0000	      0.0000	      0.0000	      0.0000
l1-dcache
  Demand miss rate	      0.4509	      0.0000	      0.4509	      0.5220	      0.0599	      0.0000
4
l1-icache
  Demand miss rate	      0.0048	      0.0048	      0.0000	      0.0000	      0.0000	      0.0000
l1-dcache
  Demand miss rate	      0.3313	      0.0000	      0.3313	      0.3838	      0.0427	      0.0000
8
l1-icache
  Demand miss rate	      0.0048	      0.0048	      0.0000	      0.0000	      0.0000	      0.0000
l1-dcache
  Demand miss rate	      0.3002	      0.0000	      0.3002	      0.3490	      0.0315	      0.0000
16
l1-icache
  Demand miss rate	      0.0001	      0.0001	      0.0000	      0.0000	      0.0000	      0.0000
l1-dcache
  Demand miss rate	      0.2757	      0.0000	      0.2757	      0.3210	      0.0263	      0.0000
32
l1-icache
  Demand miss rate	      0.0000	      0.0000	      0.0000	      0.0000	      0.0000	      0.0000
l1-dcache
  Demand miss rate	      0.2502	      0.0000	      0.2502	      0.2915	      0.0230	      0.0000
64
l1-icache
  Demand miss rate	      0.0000	      0.0000	      0.0000	      0.0000	      0.0000	      0.0000
l1-dcache
  Demand miss rate	      0.2358	      0.0000	      0.2358	      0.2748	      0.0213	      0.0000
art
2
l1-icache
  Demand miss rate	      0.0011	      0.0011	      0.0000	      0.0000	      0.0000	      0.0000
l1-dcache
  Demand miss rate	      0.5743	      0.0000	      0.5743	      0.6755	      0.1747	      0.0000
4
l1-icache
  Demand miss rate	      0.0002	      0.0002	      0.0000	      0.0000	      0.0000	      0.0000
l1-dcache
  Demand miss rate	      0.5598	      0.0000	      0.5598	      0.6582	      0.1718	      0.0000
8
l1-icache
  Demand miss rate	      0.0001	      0.0001	      0.0000	      0.0000	      0.0000	      0.0000
l1-dcache
  Demand miss rate	      0.5561	      0.0000	      0.5561	      0.6539	      0.1703	      0.0000
16
l1-icache
  Demand miss rate	      0.0000	      0.0000	      0.0000	      0.0000	      0.0000	      0.0000
l1-dcache
  Demand miss rate	      0.5542	      0.0000	      0.5542	      0.6516	      0.1696	      0.0000
32
l1-icache
  Demand miss rate	      0.0000	      0.0000	      0.0000	      0.0000	      0.0000	      0.0000
l1-dcache
  Demand miss rate	      0.5532	      0.0000	      0.5532	      0.6505	      0.1692	      0.0000
64
l1-icache
  Demand miss rate	      0.0000	      0.0000	      0.0000	      0.0000	      0.0000	      0.0000
l1-dcache
  Demand miss rate	      0.5101	      0.0000	      0.5101	      0.5965	      0.1691	      0.0000
