tracename galgel_f2b
---Dinero IV cache simulator, version 7
---Written by Jan Edler and Mark D. Hill
---Copyright (C) 1997 NEC Research Institute, Inc. and Mark D. Hill.
---All rights reserved.
---Copyright (C) 1985, 1989 Mark D. Hill.  All rights reserved.
---See -copyright option for details

---Summary of options (-help option gives usage information).

-l1-isize 262144
-l1-dsize 4096
-l1-ibsize 4
-l1-dbsize 4
-l1-isbsize 4
-l1-dsbsize 4
-l1-iassoc 1
-l1-dassoc 1
-l1-irepl l
-l1-drepl l
-l1-ifetch d
-l1-dfetch d
-l1-dwalloc a
-l1-dwback a
-skipcount 0
-flushcount 0
-maxcount 0
-stat-interval 0
-informat s
-on-trigger 0x0
-off-trigger 0x0

---Simulation begins.
---Simulation complete.
l1-icache
 Metrics		      Total	      Instrn	       Data	       Read	      Write	       Misc
 -----------------	      ------	      ------	      ------	      ------	      ------	      ------
 Demand Fetches		   199999976	   199999976	           0	           0	           0	           0
  Fraction of total	      1.0000	      1.0000	      0.0000	      0.0000	      0.0000	      0.0000

 Demand Misses		       11463	       11463	           0	           0	           0	           0
  Demand miss rate	      0.0001	      0.0001	      0.0000	      0.0000	      0.0000	      0.0000

 Multi-block refs                 0
 Bytes From Memory	       45852
 ( / Demand Fetches)	      0.0002
 Bytes To Memory	           0
 ( / Demand Writes)	      0.0000
 Total Bytes r/w Mem	       45852
 ( / Demand Fetches)	      0.0002

l1-dcache
 Metrics		      Total	      Instrn	       Data	       Read	      Write	       Misc
 -----------------	      ------	      ------	      ------	      ------	      ------	      ------
 Demand Fetches		    18075055	           0	    18075055	    10032491	     8042564	           0
  Fraction of total	      1.0000	      0.0000	      1.0000	      0.5550	      0.4450	      0.0000

 Demand Misses		      459611	           0	      459611	      209995	      249616	           0
  Demand miss rate	      0.0254	      0.0000	      0.0254	      0.0209	      0.0310	      0.0000

 Multi-block refs                42
 Bytes From Memory	      840000
 ( / Demand Fetches)	      0.0465
 Bytes To Memory	     1027924
 ( / Demand Writes)	      0.1278
 Total Bytes r/w Mem	     1867924
 ( / Demand Fetches)	      0.1033

---Execution complete.
