tracename galgel_f2b
---Dinero IV cache simulator, version 7
---Written by Jan Edler and Mark D. Hill
---Copyright (C) 1997 NEC Research Institute, Inc. and Mark D. Hill.
---All rights reserved.
---Copyright (C) 1985, 1989 Mark D. Hill.  All rights reserved.
---See -copyright option for details

---Summary of options (-help option gives usage information).

-l1-isize 2048
-l1-dsize 8192
-l1-ibsize 4
-l1-dbsize 4
-l1-isbsize 4
-l1-dsbsize 4
-l1-iassoc 1
-l1-dassoc 1
-l1-irepl l
-l1-drepl l
-l1-ifetch d
-l1-dfetch d
-l1-dwalloc a
-l1-dwback a
-skipcount 0
-flushcount 0
-maxcount 0
-stat-interval 0
-informat s
-on-trigger 0x0
-off-trigger 0x0

---Simulation begins.
---Simulation complete.
l1-icache
 Metrics		      Total	      Instrn	       Data	       Read	      Write	       Misc
 -----------------	      ------	      ------	      ------	      ------	      ------	      ------
 Demand Fetches		   199999976	   199999976	           0	           0	           0	           0
  Fraction of total	      1.0000	      1.0000	      0.0000	      0.0000	      0.0000	      0.0000

 Demand Misses		     4823062	     4823062	           0	           0	           0	           0
  Demand miss rate	      0.0241	      0.0241	      0.0000	      0.0000	      0.0000	      0.0000

 Multi-block refs                 0
 Bytes From Memory	    19292248
 ( / Demand Fetches)	      0.0965
 Bytes To Memory	           0
 ( / Demand Writes)	      0.0000
 Total Bytes r/w Mem	    19292248
 ( / Demand Fetches)	      0.0965

l1-dcache
 Metrics		      Total	      Instrn	       Data	       Read	      Write	       Misc
 -----------------	      ------	      ------	      ------	      ------	      ------	      ------
 Demand Fetches		    18075055	           0	    18075055	    10032491	     8042564	           0
  Fraction of total	      1.0000	      0.0000	      1.0000	      0.5550	      0.4450	      0.0000

 Demand Misses		      385242	           0	      385242	      148202	      237040	           0
  Demand miss rate	      0.0213	      0.0000	      0.0213	      0.0148	      0.0295	      0.0000

 Multi-block refs                42
 Bytes From Memory	      592828
 ( / Demand Fetches)	      0.0328
 Bytes To Memory	      962676
 ( / Demand Writes)	      0.1197
 Total Bytes r/w Mem	     1555504
 ( / Demand Fetches)	      0.0861

---Execution complete.
