tracename galgel_f2b
---Dinero IV cache simulator, version 7
---Written by Jan Edler and Mark D. Hill
---Copyright (C) 1997 NEC Research Institute, Inc. and Mark D. Hill.
---All rights reserved.
---Copyright (C) 1985, 1989 Mark D. Hill.  All rights reserved.
---See -copyright option for details

---Summary of options (-help option gives usage information).

-l1-isize 8192
-l1-dsize 131072
-l1-ibsize 4
-l1-dbsize 4
-l1-isbsize 4
-l1-dsbsize 4
-l1-iassoc 1
-l1-dassoc 1
-l1-irepl l
-l1-drepl l
-l1-ifetch d
-l1-dfetch d
-l1-dwalloc a
-l1-dwback a
-skipcount 0
-flushcount 0
-maxcount 0
-stat-interval 0
-informat s
-on-trigger 0x0
-off-trigger 0x0

---Simulation begins.
---Simulation complete.
l1-icache
 Metrics		      Total	      Instrn	       Data	       Read	      Write	       Misc
 -----------------	      ------	      ------	      ------	      ------	      ------	      ------
 Demand Fetches		   199999976	   199999976	           0	           0	           0	           0
  Fraction of total	      1.0000	      1.0000	      0.0000	      0.0000	      0.0000	      0.0000

 Demand Misses		       89580	       89580	           0	           0	           0	           0
  Demand miss rate	      0.0004	      0.0004	      0.0000	      0.0000	      0.0000	      0.0000

 Multi-block refs                 0
 Bytes From Memory	      358320
 ( / Demand Fetches)	      0.0018
 Bytes To Memory	           0
 ( / Demand Writes)	      0.0000
 Total Bytes r/w Mem	      358320
 ( / Demand Fetches)	      0.0018

l1-dcache
 Metrics		      Total	      Instrn	       Data	       Read	      Write	       Misc
 -----------------	      ------	      ------	      ------	      ------	      ------	      ------
 Demand Fetches		    18075055	           0	    18075055	    10032491	     8042564	           0
  Fraction of total	      1.0000	      0.0000	      1.0000	      0.5550	      0.4450	      0.0000

 Demand Misses		      252460	           0	      252460	       23625	      228835	           0
  Demand miss rate	      0.0140	      0.0000	      0.0140	      0.0024	      0.0285	      0.0000

 Multi-block refs                42
 Bytes From Memory	       94520
 ( / Demand Fetches)	      0.0052
 Bytes To Memory	      916376
 ( / Demand Writes)	      0.1139
 Total Bytes r/w Mem	     1010896
 ( / Demand Fetches)	      0.0559

---Execution complete.
