tracename art_f2b
---Dinero IV cache simulator, version 7
---Written by Jan Edler and Mark D. Hill
---Copyright (C) 1997 NEC Research Institute, Inc. and Mark D. Hill.
---All rights reserved.
---Copyright (C) 1985, 1989 Mark D. Hill.  All rights reserved.
---See -copyright option for details

---Summary of options (-help option gives usage information).

-l1-isize 65536
-l1-dsize 65536
-l1-ibsize 4
-l1-dbsize 4
-l1-isbsize 4
-l1-dsbsize 4
-l1-iassoc 1
-l1-dassoc 1
-l1-irepl l
-l1-drepl l
-l1-ifetch d
-l1-dfetch d
-l1-dwalloc a
-l1-dwback a
-skipcount 0
-flushcount 0
-maxcount 0
-stat-interval 0
-informat s
-on-trigger 0x0
-off-trigger 0x0

---Simulation begins.
---Simulation complete.
l1-icache
 Metrics		      Total	      Instrn	       Data	       Read	      Write	       Misc
 -----------------	      ------	      ------	      ------	      ------	      ------	      ------
 Demand Fetches		  2000000000	  2000000000	           0	           0	           0	           0
  Fraction of total	      1.0000	      1.0000	      0.0000	      0.0000	      0.0000	      0.0000

 Demand Misses		        4270	        4270	           0	           0	           0	           0
  Demand miss rate	      0.0000	      0.0000	      0.0000	      0.0000	      0.0000	      0.0000

 Multi-block refs                 0
 Bytes From Memory	       17080
 ( / Demand Fetches)	      0.0000
 Bytes To Memory	           0
 ( / Demand Writes)	      0.0000
 Total Bytes r/w Mem	       17080
 ( / Demand Fetches)	      0.0000

l1-dcache
 Metrics		      Total	      Instrn	       Data	       Read	      Write	       Misc
 -----------------	      ------	      ------	      ------	      ------	      ------	      ------
 Demand Fetches		   756647372	           0	   756647372	   603684260	   152963112	           0
  Fraction of total	      1.0000	      0.0000	      1.0000	      0.7978	      0.2022	      0.0000

 Demand Misses		   385984547	           0	   385984547	   360122515	    25862032	           0
  Demand miss rate	      0.5101	      0.0000	      0.5101	      0.5965	      0.1691	      0.0000

 Multi-block refs            468312
 Bytes From Memory	  1440797636
 ( / Demand Fetches)	      1.9042
 Bytes To Memory	   254035372
 ( / Demand Writes)	      1.6608
 Total Bytes r/w Mem	  1694833008
 ( / Demand Fetches)	      2.2399

---Execution complete.
