tracename gcc_f2b
---Dinero IV cache simulator, version 7
---Written by Jan Edler and Mark D. Hill
---Copyright (C) 1997 NEC Research Institute, Inc. and Mark D. Hill.
---All rights reserved.
---Copyright (C) 1985, 1989 Mark D. Hill.  All rights reserved.
---See -copyright option for details

---Summary of options (-help option gives usage information).

-l1-isize 16384
-l1-dsize 16384
-l1-ibsize 16
-l1-dbsize 16
-l1-isbsize 16
-l1-dsbsize 16
-l1-iassoc 1
-l1-dassoc 1
-l1-irepl l
-l1-drepl l
-l1-ifetch d
-l1-dfetch d
-l1-dwalloc a
-l1-dwback a
-skipcount 0
-flushcount 0
-maxcount 0
-stat-interval 0
-informat s
-on-trigger 0x0
-off-trigger 0x0

---Simulation begins.
---Simulation complete.
l1-icache
 Metrics		      Total	      Instrn	       Data	       Read	      Write	       Misc
 -----------------	      ------	      ------	      ------	      ------	      ------	      ------
 Demand Fetches		  1999999973	  1999999973	           0	           0	           0	           0
  Fraction of total	      1.0000	      1.0000	      0.0000	      0.0000	      0.0000	      0.0000

 Demand Misses		    80511680	    80511680	           0	           0	           0	           0
  Demand miss rate	      0.0403	      0.0403	      0.0000	      0.0000	      0.0000	      0.0000

 Multi-block refs                 0
 Bytes From Memory	  1288186880
 ( / Demand Fetches)	      0.6441
 Bytes To Memory	           0
 ( / Demand Writes)	      0.0000
 Total Bytes r/w Mem	  1288186880
 ( / Demand Fetches)	      0.6441

l1-dcache
 Metrics		      Total	      Instrn	       Data	       Read	      Write	       Misc
 -----------------	      ------	      ------	      ------	      ------	      ------	      ------
 Demand Fetches		  1020389576	           0	  1020389576	   757631240	   262758336	           0
  Fraction of total	      1.0000	      0.0000	      1.0000	      0.7425	      0.2575	      0.0000

 Demand Misses		   103996395	           0	   103996395	    49817433	    54178962	           0
  Demand miss rate	      0.1019	      0.0000	      0.1019	      0.0658	      0.2062	      0.0000

 Multi-block refs           1656635
 Bytes From Memory	  1663942320
 ( / Demand Fetches)	      1.6307
 Bytes To Memory	   927299456
 ( / Demand Writes)	      3.5291
 Total Bytes r/w Mem	  2591241776
 ( / Demand Fetches)	      2.5395

---Execution complete.
