tracename gcc_f2b
---Dinero IV cache simulator, version 7
---Written by Jan Edler and Mark D. Hill
---Copyright (C) 1997 NEC Research Institute, Inc. and Mark D. Hill.
---All rights reserved.
---Copyright (C) 1985, 1989 Mark D. Hill.  All rights reserved.
---See -copyright option for details

---Summary of options (-help option gives usage information).

-l1-isize 2048
-l1-dsize 2048
-l1-ibsize 4
-l1-dbsize 4
-l1-isbsize 4
-l1-dsbsize 4
-l1-iassoc 1
-l1-dassoc 1
-l1-irepl l
-l1-drepl l
-l1-ifetch d
-l1-dfetch d
-l1-dwalloc a
-l1-dwback a
-skipcount 0
-flushcount 0
-maxcount 0
-stat-interval 0
-informat s
-on-trigger 0x0
-off-trigger 0x0

---Simulation begins.
---Simulation complete.
l1-icache
 Metrics		      Total	      Instrn	       Data	       Read	      Write	       Misc
 -----------------	      ------	      ------	      ------	      ------	      ------	      ------
 Demand Fetches		  1999999973	  1999999973	           0	           0	           0	           0
  Fraction of total	      1.0000	      1.0000	      0.0000	      0.0000	      0.0000	      0.0000

 Demand Misses		   706227721	   706227721	           0	           0	           0	           0
  Demand miss rate	      0.3531	      0.3531	      0.0000	      0.0000	      0.0000	      0.0000

 Multi-block refs                 0
 Bytes From Memory	  2824910884
 ( / Demand Fetches)	      1.4125
 Bytes To Memory	           0
 ( / Demand Writes)	      0.0000
 Total Bytes r/w Mem	  2824910884
 ( / Demand Fetches)	      1.4125

l1-dcache
 Metrics		      Total	      Instrn	       Data	       Read	      Write	       Misc
 -----------------	      ------	      ------	      ------	      ------	      ------	      ------
 Demand Fetches		  1033016820	           0	  1033016820	   768953683	   264063137	           0
  Fraction of total	      1.0000	      0.0000	      1.0000	      0.7444	      0.2556	      0.0000

 Demand Misses		   251050331	           0	   251050331	   122449058	   128601273	           0
  Demand miss rate	      0.2430	      0.0000	      0.2430	      0.1592	      0.4870	      0.0000

 Multi-block refs          14283879
 Bytes From Memory	   491305472
 ( / Demand Fetches)	      0.4756
 Bytes To Memory	   561901928
 ( / Demand Writes)	      2.1279
 Total Bytes r/w Mem	  1053207400
 ( / Demand Fetches)	      1.0195

---Execution complete.
