tracename mesa_f2b
---Dinero IV cache simulator, version 7
---Written by Jan Edler and Mark D. Hill
---Copyright (C) 1997 NEC Research Institute, Inc. and Mark D. Hill.
---All rights reserved.
---Copyright (C) 1985, 1989 Mark D. Hill.  All rights reserved.
---See -copyright option for details

---Summary of options (-help option gives usage information).

-l1-isize 16384
-l1-dsize 16384
-l1-ibsize 16
-l1-dbsize 16
-l1-isbsize 16
-l1-dsbsize 16
-l1-iassoc 1
-l1-dassoc 1
-l1-irepl l
-l1-drepl l
-l1-ifetch d
-l1-dfetch d
-l1-dwalloc a
-l1-dwback a
-skipcount 0
-flushcount 0
-maxcount 0
-stat-interval 0
-informat s
-on-trigger 0x0
-off-trigger 0x0

---Simulation begins.
---Simulation complete.
l1-icache
 Metrics		      Total	      Instrn	       Data	       Read	      Write	       Misc
 -----------------	      ------	      ------	      ------	      ------	      ------	      ------
 Demand Fetches		  1999999980	  1999999980	           0	           0	           0	           0
  Fraction of total	      1.0000	      1.0000	      0.0000	      0.0000	      0.0000	      0.0000

 Demand Misses		    39898911	    39898911	           0	           0	           0	           0
  Demand miss rate	      0.0199	      0.0199	      0.0000	      0.0000	      0.0000	      0.0000

 Multi-block refs                 0
 Bytes From Memory	   638382576
 ( / Demand Fetches)	      0.3192
 Bytes To Memory	           0
 ( / Demand Writes)	      0.0000
 Total Bytes r/w Mem	   638382576
 ( / Demand Fetches)	      0.3192

l1-dcache
 Metrics		      Total	      Instrn	       Data	       Read	      Write	       Misc
 -----------------	      ------	      ------	      ------	      ------	      ------	      ------
 Demand Fetches		   755922172	           0	   755922172	   541059764	   214862408	           0
  Fraction of total	      1.0000	      0.0000	      1.0000	      0.7158	      0.2842	      0.0000

 Demand Misses		    12487392	           0	    12487392	     8042208	     4445184	           0
  Demand miss rate	      0.0165	      0.0000	      0.0165	      0.0149	      0.0207	      0.0000

 Multi-block refs           5253427
 Bytes From Memory	   199798272
 ( / Demand Fetches)	      0.2643
 Bytes To Memory	   120364304
 ( / Demand Writes)	      0.5602
 Total Bytes r/w Mem	   320162576
 ( / Demand Fetches)	      0.4235

---Execution complete.
