tracename mesa_f2b
---Dinero IV cache simulator, version 7
---Written by Jan Edler and Mark D. Hill
---Copyright (C) 1997 NEC Research Institute, Inc. and Mark D. Hill.
---All rights reserved.
---Copyright (C) 1985, 1989 Mark D. Hill.  All rights reserved.
---See -copyright option for details

---Summary of options (-help option gives usage information).

-l1-isize 2048
-l1-dsize 2048
-l1-ibsize 4
-l1-dbsize 4
-l1-isbsize 4
-l1-dsbsize 4
-l1-iassoc 1
-l1-dassoc 1
-l1-irepl l
-l1-drepl l
-l1-ifetch d
-l1-dfetch d
-l1-dwalloc a
-l1-dwback a
-skipcount 0
-flushcount 0
-maxcount 0
-stat-interval 0
-informat s
-on-trigger 0x0
-off-trigger 0x0

---Simulation begins.
---Simulation complete.
l1-icache
 Metrics		      Total	      Instrn	       Data	       Read	      Write	       Misc
 -----------------	      ------	      ------	      ------	      ------	      ------	      ------
 Demand Fetches		  1999999980	  1999999980	           0	           0	           0	           0
  Fraction of total	      1.0000	      1.0000	      0.0000	      0.0000	      0.0000	      0.0000

 Demand Misses		  1054571813	  1054571813	           0	           0	           0	           0
  Demand miss rate	      0.5273	      0.5273	      0.0000	      0.0000	      0.0000	      0.0000

 Multi-block refs                 0
 Bytes From Memory	  4218287252
 ( / Demand Fetches)	      2.1091
 Bytes To Memory	           0
 ( / Demand Writes)	      0.0000
 Total Bytes r/w Mem	  4218287252
 ( / Demand Fetches)	      2.1091

l1-dcache
 Metrics		      Total	      Instrn	       Data	       Read	      Write	       Misc
 -----------------	      ------	      ------	      ------	      ------	      ------	      ------
 Demand Fetches		   789075241	           0	   789075241	   560413317	   228661924	           0
  Fraction of total	      1.0000	      0.0000	      1.0000	      0.7102	      0.2898	      0.0000

 Demand Misses		   119645782	           0	   119645782	    76714102	    42931680	           0
  Demand miss rate	      0.1516	      0.0000	      0.1516	      0.1369	      0.1878	      0.0000

 Multi-block refs          38406496
 Bytes From Memory	   313525332
 ( / Demand Fetches)	      0.3973
 Bytes To Memory	   260128404
 ( / Demand Writes)	      1.1376
 Total Bytes r/w Mem	   573653736
 ( / Demand Fetches)	      0.7270

---Execution complete.
