tracename mesa_f2b
---Dinero IV cache simulator, version 7
---Written by Jan Edler and Mark D. Hill
---Copyright (C) 1997 NEC Research Institute, Inc. and Mark D. Hill.
---All rights reserved.
---Copyright (C) 1985, 1989 Mark D. Hill.  All rights reserved.
---See -copyright option for details

---Summary of options (-help option gives usage information).

-l1-isize 8192
-l1-dsize 8192
-l1-ibsize 4
-l1-dbsize 4
-l1-isbsize 4
-l1-dsbsize 4
-l1-iassoc 1
-l1-dassoc 1
-l1-irepl l
-l1-drepl l
-l1-ifetch d
-l1-dfetch d
-l1-dwalloc a
-l1-dwback a
-skipcount 0
-flushcount 0
-maxcount 0
-stat-interval 0
-informat s
-on-trigger 0x0
-off-trigger 0x0

---Simulation begins.
---Simulation complete.
l1-icache
 Metrics		      Total	      Instrn	       Data	       Read	      Write	       Misc
 -----------------	      ------	      ------	      ------	      ------	      ------	      ------
 Demand Fetches		  1999999980	  1999999980	           0	           0	           0	           0
  Fraction of total	      1.0000	      1.0000	      0.0000	      0.0000	      0.0000	      0.0000

 Demand Misses		   346270625	   346270625	           0	           0	           0	           0
  Demand miss rate	      0.1731	      0.1731	      0.0000	      0.0000	      0.0000	      0.0000

 Multi-block refs                 0
 Bytes From Memory	  1385082500
 ( / Demand Fetches)	      0.6925
 Bytes To Memory	           0
 ( / Demand Writes)	      0.0000
 Total Bytes r/w Mem	  1385082500
 ( / Demand Fetches)	      0.6925

l1-dcache
 Metrics		      Total	      Instrn	       Data	       Read	      Write	       Misc
 -----------------	      ------	      ------	      ------	      ------	      ------	      ------
 Demand Fetches		   789075241	           0	   789075241	   560413317	   228661924	           0
  Fraction of total	      1.0000	      0.0000	      1.0000	      0.7102	      0.2898	      0.0000

 Demand Misses		    43494546	           0	    43494546	    22353606	    21140940	           0
  Demand miss rate	      0.0551	      0.0000	      0.0551	      0.0399	      0.0925	      0.0000

 Multi-block refs          38406496
 Bytes From Memory	    91466576
 ( / Demand Fetches)	      0.1159
 Bytes To Memory	   112460164
 ( / Demand Writes)	      0.4918
 Total Bytes r/w Mem	   203926740
 ( / Demand Fetches)	      0.2584

---Execution complete.
