tracename art_f2b
---Dinero IV cache simulator, version 7
---Written by Jan Edler and Mark D. Hill
---Copyright (C) 1997 NEC Research Institute, Inc. and Mark D. Hill.
---All rights reserved.
---Copyright (C) 1985, 1989 Mark D. Hill.  All rights reserved.
---See -copyright option for details

---Summary of options (-help option gives usage information).

-l1-isize 2048
-l1-dsize 524288
-l1-ibsize 4
-l1-dbsize 4
-l1-isbsize 4
-l1-dsbsize 4
-l1-iassoc 1
-l1-dassoc 1
-l1-irepl l
-l1-drepl l
-l1-ifetch d
-l1-dfetch d
-l1-dwalloc a
-l1-dwback a
-skipcount 0
-flushcount 0
-maxcount 0
-stat-interval 0
-informat s
-on-trigger 0x0
-off-trigger 0x0

---Simulation begins.
---Simulation complete.
l1-icache
 Metrics		      Total	      Instrn	       Data	       Read	      Write	       Misc
 -----------------	      ------	      ------	      ------	      ------	      ------	      ------
 Demand Fetches		    19999993	    19999993	           0	           0	           0	           0
  Fraction of total	      1.0000	      1.0000	      0.0000	      0.0000	      0.0000	      0.0000

 Demand Misses		     1474826	     1474826	           0	           0	           0	           0
  Demand miss rate	      0.0737	      0.0737	      0.0000	      0.0000	      0.0000	      0.0000

 Multi-block refs                 0
 Bytes From Memory	     5899304
 ( / Demand Fetches)	      0.2950
 Bytes To Memory	           0
 ( / Demand Writes)	      0.0000
 Total Bytes r/w Mem	     5899304
 ( / Demand Fetches)	      0.2950

l1-dcache
 Metrics		      Total	      Instrn	       Data	       Read	      Write	       Misc
 -----------------	      ------	      ------	      ------	      ------	      ------	      ------
 Demand Fetches		     8897787	           0	     8897787	     6589026	     2308761	           0
  Fraction of total	      1.0000	      0.0000	      1.0000	      0.7405	      0.2595	      0.0000

 Demand Misses		     1710570	           0	     1710570	     1110121	      600449	           0
  Demand miss rate	      0.1922	      0.0000	      0.1922	      0.1685	      0.2601	      0.0000

 Multi-block refs            468312
 Bytes From Memory	     4746676
 ( / Demand Fetches)	      0.5335
 Bytes To Memory	     3019272
 ( / Demand Writes)	      1.3077
 Total Bytes r/w Mem	     7765948
 ( / Demand Fetches)	      0.8728

---Execution complete.
