d = {
	'gcc' : (
		((4 1 'l'), (0.0457, 0.0320)), 
		((4 1 'r'), (0.0457, 0.0320)), 
		((4 1 'f'), (0.0457, 0.0320)), 
		((4 2 'l'), (0.0108, 0.0254)), 
		((4 2 'r'), (0.0115, 0.0266)), 
		((4 2 'f'), (0.0117, 0.0267)), 
		((4 4 'l'), (0.0044, 0.0235)), 
		((4 4 'r'), (0.0054, 0.0252)), 
		((4 4 'f'), (0.0054, 0.0253)), 
		((4 8 'l'), (0.0029, 0.0230)), 
		((4 8 'r'), (0.0039, 0.0248)), 
		((4 8 'f'), (0.0036, 0.0251)), 
		((4 16 'l'), (0.0025, 0.0225)), 
		((4 16 'r'), (0.0034, 0.0246)), 
		((4 16 'f'), (0.0031, 0.0247)), 
		((8 1 'l'), (0.0261, 0.0308)), 
		((8 1 'r'), (0.0261, 0.0308)), 
		((8 1 'f'), (0.0261, 0.0308)), 
		((8 2 'l'), (0.0063, 0.0239)), 
		((8 2 'r'), (0.0067, 0.0252)), 
		((8 2 'f'), (0.0068, 0.0253)), 
		((8 4 'l'), (0.0026, 0.0220)), 
		((8 4 'r'), (0.0032, 0.0237)), 
		((8 4 'f'), (0.0032, 0.0239)), 
		((8 8 'l'), (0.0017, 0.0215)), 
		((8 8 'r'), (0.0023, 0.0232)), 
		((8 8 'f'), (0.0021, 0.0236)), 
		((8 16 'l'), (0.0014, 0.0210)), 
		((8 16 'r'), (0.0020, 0.0230)), 
		((8 16 'f'), (0.0018, 0.0233)), 
		((16 1 'l'), (0.0160, 0.0222)), 
		((16 1 'r'), (0.0160, 0.0222)), 
		((16 1 'f'), (0.0160, 0.0222)), 
		((16 2 'l'), (0.0039, 0.0163)), 
		((16 2 'r'), (0.0042, 0.0172)), 
		((16 2 'f'), (0.0042, 0.0172)), 
		((16 4 'l'), (0.0017, 0.0150)), 
		((16 4 'r'), (0.0021, 0.0161)), 
		((16 4 'f'), (0.0021, 0.0162)), 
		((16 8 'l'), (0.0011, 0.0146)), 
		((16 8 'r'), (0.0015, 0.0157)), 
		((16 8 'f'), (0.0014, 0.0160)), 
		((16 16 'l'), (0.0009, 0.0144)), 
		((16 16 'r'), (0.0013, 0.0155)), 
		((16 16 'f'), (0.0011, 0.0159)), 
		((32 1 'l'), (0.0109, 0.0170)), 
		((32 1 'r'), (0.0109, 0.0170)), 
		((32 1 'f'), (0.0109, 0.0170)), 
		((32 2 'l'), (0.0029, 0.0112)), 
		((32 2 'r'), (0.0031, 0.0120)), 
		((32 2 'f'), (0.0032, 0.0119)), 
		((32 4 'l'), (0.0014, 0.0101)), 
		((32 4 'r'), (0.0017, 0.0110)), 
		((32 4 'f'), (0.0017, 0.0110)), 
		((32 8 'l'), (0.0009, 0.0098)), 
		((32 8 'r'), (0.0012, 0.0107)), 
		((32 8 'f'), (0.0011, 0.0109)), 
		((32 16 'l'), (0.0007, 0.0096)), 
		((32 16 'r'), (0.0010, 0.0105)), 
		((32 16 'f'), (0.0009, 0.0107)), 
		((64 1 'l'), (0.0086, 0.0142)), 
		((64 1 'r'), (0.0086, 0.0142)), 
		((64 1 'f'), (0.0086, 0.0142)), 
		((64 2 'l'), (0.0024, 0.0078)), 
		((64 2 'r'), (0.0025, 0.0086)), 
		((64 2 'f'), (0.0026, 0.0084)), 
		((64 4 'l'), (0.0013, 0.0068)), 
		((64 4 'r'), (0.0015, 0.0076)), 
		((64 4 'f'), (0.0016, 0.0075)), 
		((64 8 'l'), (0.0008, 0.0065)), 
		((64 8 'r'), (0.0011, 0.0072)), 
		((64 8 'f'), (0.0011, 0.0073)), 
		((64 16 'l'), (0.0006, 0.0064)), 
		((64 16 'r'), (0.0009, 0.0071)), 
		((64 16 'f'), (0.0008, 0.0072)) 
	),
	'mesa' : (
		((4 1 'l'), (0.0459, 0.0022)), 
		((4 1 'r'), (0.0459, 0.0022)), 
		((4 1 'f'), (0.0459, 0.0022)), 
		((4 2 'l'), (0.0000, 0.0021)), 
		((4 2 'r'), (0.0000, 0.0022)), 
		((4 2 'f'), (0.0000, 0.0022)), 
		((4 4 'l'), (0.0000, 0.0021)), 
		((4 4 'r'), (0.0000, 0.0022)), 
		((4 4 'f'), (0.0000, 0.0022)), 
		((4 8 'l'), (0.0000, 0.0021)), 
		((4 8 'r'), (0.0000, 0.0022)), 
		((4 8 'f'), (0.0000, 0.0022)), 
		((4 16 'l'), (0.0000, 0.0021)), 
		((4 16 'r'), (0.0000, 0.0022)), 
		((4 16 'f'), (0.0000, 0.0022)), 
		((8 1 'l'), (0.0255, 0.0017)), 
		((8 1 'r'), (0.0255, 0.0017)), 
		((8 1 'f'), (0.0255, 0.0017)), 
		((8 2 'l'), (0.0000, 0.0016)), 
		((8 2 'r'), (0.0000, 0.0017)), 
		((8 2 'f'), (0.0000, 0.0017)), 
		((8 4 'l'), (0.0000, 0.0016)), 
		((8 4 'r'), (0.0000, 0.0017)), 
		((8 4 'f'), (0.0000, 0.0017)), 
		((8 8 'l'), (0.0000, 0.0016)), 
		((8 8 'r'), (0.0000, 0.0017)), 
		((8 8 'f'), (0.0000, 0.0017)), 
		((8 16 'l'), (0.0000, 0.0016)), 
		((8 16 'r'), (0.0000, 0.0017)), 
		((8 16 'f'), (0.0000, 0.0017)), 
		((16 1 'l'), (0.0151, 0.0009)), 
		((16 1 'r'), (0.0151, 0.0009)), 
		((16 1 'f'), (0.0151, 0.0009)), 
		((16 2 'l'), (0.0000, 0.0008)), 
		((16 2 'r'), (0.0000, 0.0009)), 
		((16 2 'f'), (0.0000, 0.0008)), 
		((16 4 'l'), (0.0000, 0.0008)), 
		((16 4 'r'), (0.0000, 0.0008)), 
		((16 4 'f'), (0.0000, 0.0008)), 
		((16 8 'l'), (0.0000, 0.0008)), 
		((16 8 'r'), (0.0000, 0.0008)), 
		((16 8 'f'), (0.0000, 0.0008)), 
		((16 16 'l'), (0.0000, 0.0008)), 
		((16 16 'r'), (0.0000, 0.0008)), 
		((16 16 'f'), (0.0000, 0.0008)), 
		((32 1 'l'), (0.0092, 0.0005)), 
		((32 1 'r'), (0.0092, 0.0005)), 
		((32 1 'f'), (0.0092, 0.0005)), 
		((32 2 'l'), (0.0000, 0.0004)), 
		((32 2 'r'), (0.0000, 0.0004)), 
		((32 2 'f'), (0.0000, 0.0004)), 
		((32 4 'l'), (0.0000, 0.0004)), 
		((32 4 'r'), (0.0000, 0.0004)), 
		((32 4 'f'), (0.0000, 0.0004)), 
		((32 8 'l'), (0.0000, 0.0004)), 
		((32 8 'r'), (0.0000, 0.0004)), 
		((32 8 'f'), (0.0000, 0.0004)), 
		((32 16 'l'), (0.0000, 0.0004)), 
		((32 16 'r'), (0.0000, 0.0004)), 
		((32 16 'f'), (0.0000, 0.0004)), 
		((64 1 'l'), (0.0059, 0.0073)), 
		((64 1 'r'), (0.0059, 0.0073)), 
		((64 1 'f'), (0.0059, 0.0073)), 
		((64 2 'l'), (0.0000, 0.0003)), 
		((64 2 'r'), (0.0000, 0.0004)), 
		((64 2 'f'), (0.0000, 0.0004)), 
		((64 4 'l'), (0.0000, 0.0002)), 
		((64 4 'r'), (0.0000, 0.0002)), 
		((64 4 'f'), (0.0000, 0.0002)), 
		((64 8 'l'), (0.0000, 0.0002)), 
		((64 8 'r'), (0.0000, 0.0002)), 
		((64 8 'f'), (0.0000, 0.0002)), 
		((64 16 'l'), (0.0000, 0.0002)), 
		((64 16 'r'), (0.0000, 0.0002)), 
		((64 16 'f'), (0.0000, 0.0002)) 
	),
	'galgel' : (
		((4 1 'l'), (0.0236, 0.2730)), 
		((4 1 'r'), (0.0236, 0.2730)), 
		((4 1 'f'), (0.0236, 0.2730)), 
		((4 2 'l'), (0.0001, 0.2104)), 
		((4 2 'r'), (0.0001, 0.2341)), 
		((4 2 'f'), (0.0001, 0.2285)), 
		((4 4 'l'), (0.0001, 0.1823)), 
		((4 4 'r'), (0.0001, 0.2155)), 
		((4 4 'f'), (0.0001, 0.1947)), 
		((4 8 'l'), (0.0000, 0.1706)), 
		((4 8 'r'), (0.0001, 0.2166)), 
		((4 8 'f'), (0.0001, 0.1877)), 
		((4 16 'l'), (0.0000, 0.1619)), 
		((4 16 'r'), (0.0001, 0.2182)), 
		((4 16 'f'), (0.0001, 0.1867)), 
		((8 1 'l'), (0.0120, 0.2730)), 
		((8 1 'r'), (0.0120, 0.2730)), 
		((8 1 'f'), (0.0120, 0.2730)), 
		((8 2 'l'), (0.0000, 0.2104)), 
		((8 2 'r'), (0.0000, 0.2341)), 
		((8 2 'f'), (0.0000, 0.2285)), 
		((8 4 'l'), (0.0000, 0.1823)), 
		((8 4 'r'), (0.0000, 0.2155)), 
		((8 4 'f'), (0.0000, 0.1947)), 
		((8 8 'l'), (0.0000, 0.1706)), 
		((8 8 'r'), (0.0000, 0.2167)), 
		((8 8 'f'), (0.0000, 0.1877)), 
		((8 16 'l'), (0.0000, 0.1619)), 
		((8 16 'r'), (0.0000, 0.2182)), 
		((8 16 'f'), (0.0000, 0.1867)), 
		((16 1 'l'), (0.0060, 0.1848)), 
		((16 1 'r'), (0.0060, 0.1848)), 
		((16 1 'f'), (0.0060, 0.1848)), 
		((16 2 'l'), (0.0000, 0.1450)), 
		((16 2 'r'), (0.0000, 0.1596)), 
		((16 2 'f'), (0.0000, 0.1573)), 
		((16 4 'l'), (0.0000, 0.1291)), 
		((16 4 'r'), (0.0000, 0.1472)), 
		((16 4 'f'), (0.0000, 0.1371)), 
		((16 8 'l'), (0.0000, 0.1239)), 
		((16 8 'r'), (0.0000, 0.1469)), 
		((16 8 'f'), (0.0000, 0.1331)), 
		((16 16 'l'), (0.0000, 0.1217)), 
		((16 16 'r'), (0.0000, 0.1473)), 
		((16 16 'f'), (0.0000, 0.1338)), 
		((32 1 'l'), (0.0032, 0.1406)), 
		((32 1 'r'), (0.0032, 0.1406)), 
		((32 1 'f'), (0.0032, 0.1406)), 
		((32 2 'l'), (0.0000, 0.1154)), 
		((32 2 'r'), (0.0000, 0.1243)), 
		((32 2 'f'), (0.0000, 0.1253)), 
		((32 4 'l'), (0.0000, 0.1092)), 
		((32 4 'r'), (0.0000, 0.1159)), 
		((32 4 'f'), (0.0000, 0.1159)), 
		((32 8 'l'), (0.0000, 0.1140)), 
		((32 8 'r'), (0.0000, 0.1150)), 
		((32 8 'f'), (0.0000, 0.1174)), 
		((32 16 'l'), (0.0000, 0.1276)), 
		((32 16 'r'), (0.0000, 0.1147)), 
		((32 16 'f'), (0.0000, 0.1250)), 
		((64 1 'l'), (0.0017, 0.1203)), 
		((64 1 'r'), (0.0017, 0.1203)), 
		((64 1 'f'), (0.0017, 0.1203)), 
		((64 2 'l'), (0.0000, 0.1064)), 
		((64 2 'r'), (0.0000, 0.1115)), 
		((64 2 'f'), (0.0000, 0.1135)), 
		((64 4 'l'), (0.0000, 0.1026)), 
		((64 4 'r'), (0.0000, 0.1071)), 
		((64 4 'f'), (0.0000, 0.1131)), 
		((64 8 'l'), (0.0000, 0.1040)), 
		((64 8 'r'), (0.0000, 0.1055)), 
		((64 8 'f'), (0.0000, 0.1151)), 
		((64 16 'l'), (0.0000, 0.1050)), 
		((64 16 'r'), (0.0000, 0.1055)), 
		((64 16 'f'), (0.0000, 0.1182))
	),
	'art' : (
		((4 1 'l'), (0.0004, 0.5575)), 
		((4 1 'r'), (0.0004, 0.5575)), 
		((4 1 'f'), (0.0004, 0.5575)), 
		((4 2 'l'), (0.0001, 0.5500)), 
		((4 2 'r'), (0.0001, 0.5566)), 
		((4 2 'f'), (0.0001, 0.5511)), 
		((4 4 'l'), (0.0001, 0.5496)), 
		((4 4 'r'), (0.0001, 0.5566)), 
		((4 4 'f'), (0.0001, 0.5507)), 
		((4 8 'l'), (0.0001, 0.5495)), 
		((4 8 'r'), (0.0001, 0.5696)), 
		((4 8 'f'), (0.0001, 0.5507)), 
		((4 16 'l'), (0.0001, 0.5495)), 
		((4 16 'r'), (0.0001, 0.5753)), 
		((4 16 'f'), (0.0001, 0.5507)), 
		((8 1 'l'), (0.0002, 0.5579)), 
		((8 1 'r'), (0.0002, 0.5579)), 
		((8 1 'f'), (0.0002, 0.5579)), 
		((8 2 'l'), (0.0001, 0.5504)), 
		((8 2 'r'), (0.0001, 0.5570)), 
		((8 2 'f'), (0.0001, 0.5515)), 
		((8 4 'l'), (0.0001, 0.5499)), 
		((8 4 'r'), (0.0001, 0.5569)), 
		((8 4 'f'), (0.0001, 0.5510)), 
		((8 8 'l'), (0.0001, 0.5499)), 
		((8 8 'r'), (0.0001, 0.5700)), 
		((8 8 'f'), (0.0001, 0.5510)), 
		((8 16 'l'), (0.0001, 0.5499)), 
		((8 16 'r'), (0.0001, 0.5757)), 
		((8 16 'f'), (0.0001, 0.5510)), 
		((16 1 'l'), (0.0002, 0.4674)), 
		((16 1 'r'), (0.0002, 0.4674)), 
		((16 1 'f'), (0.0002, 0.4674)), 
		((16 2 'l'), (0.0000, 0.4519)), 
		((16 2 'r'), (0.0000, 0.4639)), 
		((16 2 'f'), (0.0000, 0.4534)), 
		((16 4 'l'), (0.0000, 0.4495)), 
		((16 4 'r'), (0.0000, 0.4626)), 
		((16 4 'f'), (0.0000, 0.4514)), 
		((16 8 'l'), (0.0000, 0.4494)), 
		((16 8 'r'), (0.0000, 0.4755)), 
		((16 8 'f'), (0.0000, 0.4513)), 
		((16 16 'l'), (0.0000, 0.4494)), 
		((16 16 'r'), (0.0000, 0.4813)), 
		((16 16 'f'), (0.0000, 0.4513)), 
		((32 1 'l'), (0.0001, 0.4216)), 
		((32 1 'r'), (0.0001, 0.4216)), 
		((32 1 'f'), (0.0001, 0.4216)), 
		((32 2 'l'), (0.0000, 0.3970)), 
		((32 2 'r'), (0.0000, 0.4154)), 
		((32 2 'f'), (0.0000, 0.4007)), 
		((32 4 'l'), (0.0000, 0.3940)), 
		((32 4 'r'), (0.0000, 0.4133)), 
		((32 4 'f'), (0.0000, 0.3971)), 
		((32 8 'l'), (0.0000, 0.3939)), 
		((32 8 'r'), (0.0000, 0.4258)), 
		((32 8 'f'), (0.0000, 0.3969)), 
		((32 16 'l'), (0.0000, 0.3940)), 
		((32 16 'r'), (0.0000, 0.4312)), 
		((32 16 'f'), (0.0000, 0.3970)), 
		((64 1 'l'), (0.0001, 0.3923)), 
		((64 1 'r'), (0.0001, 0.3923)), 
		((64 1 'f'), (0.0001, 0.3923)), 
		((64 2 'l'), (0.0000, 0.3569)), 
		((64 2 'r'), (0.0000, 0.3824)), 
		((64 2 'f'), (0.0000, 0.3636)), 
		((64 4 'l'), (0.0000, 0.3492)), 
		((64 4 'r'), (0.0000, 0.3792)), 
		((64 4 'f'), (0.0000, 0.3563)), 
		((64 8 'l'), (0.0000, 0.3483)), 
		((64 8 'r'), (0.0000, 0.3909)), 
		((64 8 'f'), (0.0000, 0.3562)), 
		((64 16 'l'), (0.0000, 0.3508)), 
		((64 16 'r'), (0.0000, 0.3958)), 
		((64 16 'f'), (0.0000, 0.3562)) 
	)
}
