tracename gcc_f2b
---Dinero IV cache simulator, version 7
---Written by Jan Edler and Mark D. Hill
---Copyright (C) 1997 NEC Research Institute, Inc. and Mark D. Hill.
---All rights reserved.
---Copyright (C) 1985, 1989 Mark D. Hill.  All rights reserved.
---See -copyright option for details

---Summary of options (-help option gives usage information).

-l1-isize 262144
-l1-dsize 2048
-l1-ibsize 4
-l1-dbsize 4
-l1-isbsize 4
-l1-dsbsize 4
-l1-iassoc 1
-l1-dassoc 1
-l1-irepl l
-l1-drepl l
-l1-ifetch d
-l1-dfetch d
-l1-dwalloc a
-l1-dwback a
-skipcount 0
-flushcount 0
-maxcount 0
-stat-interval 0
-informat s
-on-trigger 0x0
-off-trigger 0x0

---Simulation begins.
---Simulation complete.
l1-icache
 Metrics		      Total	      Instrn	       Data	       Read	      Write	       Misc
 -----------------	      ------	      ------	      ------	      ------	      ------	      ------
 Demand Fetches		    19999993	    19999993	           0	           0	           0	           0
  Fraction of total	      1.0000	      1.0000	      0.0000	      0.0000	      0.0000	      0.0000

 Demand Misses		      321543	      321543	           0	           0	           0	           0
  Demand miss rate	      0.0161	      0.0161	      0.0000	      0.0000	      0.0000	      0.0000

 Multi-block refs                 0
 Bytes From Memory	     1286172
 ( / Demand Fetches)	      0.0643
 Bytes To Memory	           0
 ( / Demand Writes)	      0.0000
 Total Bytes r/w Mem	     1286172
 ( / Demand Fetches)	      0.0643

l1-dcache
 Metrics		      Total	      Instrn	       Data	       Read	      Write	       Misc
 -----------------	      ------	      ------	      ------	      ------	      ------	      ------
 Demand Fetches		     8684880	           0	     8684880	     6479892	     2204988	           0
  Fraction of total	      1.0000	      0.0000	      1.0000	      0.7461	      0.2539	      0.0000

 Demand Misses		     1398847	           0	     1398847	      926255	      472592	           0
  Demand miss rate	      0.1611	      0.0000	      0.1611	      0.1429	      0.2143	      0.0000

 Multi-block refs            233841
 Bytes From Memory	     3737748
 ( / Demand Fetches)	      0.4304
 Bytes To Memory	     2452900
 ( / Demand Writes)	      1.1124
 Total Bytes r/w Mem	     6190648
 ( / Demand Fetches)	      0.7128

---Execution complete.
