tracename gcc_f2b
---Dinero IV cache simulator, version 7
---Written by Jan Edler and Mark D. Hill
---Copyright (C) 1997 NEC Research Institute, Inc. and Mark D. Hill.
---All rights reserved.
---Copyright (C) 1985, 1989 Mark D. Hill.  All rights reserved.
---See -copyright option for details

---Summary of options (-help option gives usage information).

-l1-isize 2048
-l1-dsize 65536
-l1-ibsize 4
-l1-dbsize 4
-l1-isbsize 4
-l1-dsbsize 4
-l1-iassoc 1
-l1-dassoc 1
-l1-irepl l
-l1-drepl l
-l1-ifetch d
-l1-dfetch d
-l1-dwalloc a
-l1-dwback a
-skipcount 0
-flushcount 0
-maxcount 0
-stat-interval 0
-informat s
-on-trigger 0x0
-off-trigger 0x0

---Simulation begins.
---Simulation complete.
l1-icache
 Metrics		      Total	      Instrn	       Data	       Read	      Write	       Misc
 -----------------	      ------	      ------	      ------	      ------	      ------	      ------
 Demand Fetches		    19999993	    19999993	           0	           0	           0	           0
  Fraction of total	      1.0000	      1.0000	      0.0000	      0.0000	      0.0000	      0.0000

 Demand Misses		    10284937	    10284937	           0	           0	           0	           0
  Demand miss rate	      0.5142	      0.5142	      0.0000	      0.0000	      0.0000	      0.0000

 Multi-block refs                 0
 Bytes From Memory	    41139748
 ( / Demand Fetches)	      2.0570
 Bytes To Memory	           0
 ( / Demand Writes)	      0.0000
 Total Bytes r/w Mem	    41139748
 ( / Demand Fetches)	      2.0570

l1-dcache
 Metrics		      Total	      Instrn	       Data	       Read	      Write	       Misc
 -----------------	      ------	      ------	      ------	      ------	      ------	      ------
 Demand Fetches		     8684880	           0	     8684880	     6479892	     2204988	           0
  Fraction of total	      1.0000	      0.0000	      1.0000	      0.7461	      0.2539	      0.0000

 Demand Misses		      238930	           0	      238930	       81018	      157912	           0
  Demand miss rate	      0.0275	      0.0000	      0.0275	      0.0125	      0.0716	      0.0000

 Multi-block refs            233841
 Bytes From Memory	      332300
 ( / Demand Fetches)	      0.0383
 Bytes To Memory	      690444
 ( / Demand Writes)	      0.3131
 Total Bytes r/w Mem	     1022744
 ( / Demand Fetches)	      0.1178

---Execution complete.
