tracename gcc_f2b
---Dinero IV cache simulator, version 7
---Written by Jan Edler and Mark D. Hill
---Copyright (C) 1997 NEC Research Institute, Inc. and Mark D. Hill.
---All rights reserved.
---Copyright (C) 1985, 1989 Mark D. Hill.  All rights reserved.
---See -copyright option for details

---Summary of options (-help option gives usage information).

-l1-isize 524288
-l1-dsize 32768
-l1-ibsize 4
-l1-dbsize 4
-l1-isbsize 4
-l1-dsbsize 4
-l1-iassoc 1
-l1-dassoc 1
-l1-irepl l
-l1-drepl l
-l1-ifetch d
-l1-dfetch d
-l1-dwalloc a
-l1-dwback a
-skipcount 0
-flushcount 0
-maxcount 0
-stat-interval 0
-informat s
-on-trigger 0x0
-off-trigger 0x0

---Simulation begins.
---Simulation complete.
l1-icache
 Metrics		      Total	      Instrn	       Data	       Read	      Write	       Misc
 -----------------	      ------	      ------	      ------	      ------	      ------	      ------
 Demand Fetches		    19999993	    19999993	           0	           0	           0	           0
  Fraction of total	      1.0000	      1.0000	      0.0000	      0.0000	      0.0000	      0.0000

 Demand Misses		      169183	      169183	           0	           0	           0	           0
  Demand miss rate	      0.0085	      0.0085	      0.0000	      0.0000	      0.0000	      0.0000

 Multi-block refs                 0
 Bytes From Memory	      676732
 ( / Demand Fetches)	      0.0338
 Bytes To Memory	           0
 ( / Demand Writes)	      0.0000
 Total Bytes r/w Mem	      676732
 ( / Demand Fetches)	      0.0338

l1-dcache
 Metrics		      Total	      Instrn	       Data	       Read	      Write	       Misc
 -----------------	      ------	      ------	      ------	      ------	      ------	      ------
 Demand Fetches		     8684880	           0	     8684880	     6479892	     2204988	           0
  Fraction of total	      1.0000	      0.0000	      1.0000	      0.7461	      0.2539	      0.0000

 Demand Misses		      351096	           0	      351096	      169096	      182000	           0
  Demand miss rate	      0.0404	      0.0000	      0.0404	      0.0261	      0.0825	      0.0000

 Multi-block refs            233841
 Bytes From Memory	      686128
 ( / Demand Fetches)	      0.0790
 Bytes To Memory	      845136
 ( / Demand Writes)	      0.3833
 Total Bytes r/w Mem	     1531264
 ( / Demand Fetches)	      0.1763

---Execution complete.
