tracename galgel_f2b
---Dinero IV cache simulator, version 7
---Written by Jan Edler and Mark D. Hill
---Copyright (C) 1997 NEC Research Institute, Inc. and Mark D. Hill.
---All rights reserved.
---Copyright (C) 1985, 1989 Mark D. Hill.  All rights reserved.
---See -copyright option for details

---Summary of options (-help option gives usage information).

-l1-isize 32768
-l1-dsize 32768
-l1-ibsize 4
-l1-dbsize 4
-l1-isbsize 4
-l1-dsbsize 4
-l1-iassoc 1
-l1-dassoc 1
-l1-irepl l
-l1-drepl l
-l1-ifetch d
-l1-dfetch d
-l1-dwalloc a
-l1-dwback a
-skipcount 0
-flushcount 0
-maxcount 0
-stat-interval 0
-informat s
-on-trigger 0x0
-off-trigger 0x0

---Simulation begins.
---Simulation complete.
l1-icache
 Metrics		      Total	      Instrn	       Data	       Read	      Write	       Misc
 -----------------	      ------	      ------	      ------	      ------	      ------	      ------
 Demand Fetches		    19999999	    19999999	           0	           0	           0	           0
  Fraction of total	      1.0000	      1.0000	      0.0000	      0.0000	      0.0000	      0.0000

 Demand Misses		       12985	       12985	           0	           0	           0	           0
  Demand miss rate	      0.0006	      0.0006	      0.0000	      0.0000	      0.0000	      0.0000

 Multi-block refs                 0
 Bytes From Memory	       51940
 ( / Demand Fetches)	      0.0026
 Bytes To Memory	           0
 ( / Demand Writes)	      0.0000
 Total Bytes r/w Mem	       51940
 ( / Demand Fetches)	      0.0026

l1-dcache
 Metrics		      Total	      Instrn	       Data	       Read	      Write	       Misc
 -----------------	      ------	      ------	      ------	      ------	      ------	      ------
 Demand Fetches		     2220497	           0	     2220497	     1155655	     1064842	           0
  Fraction of total	      1.0000	      0.0000	      1.0000	      0.5204	      0.4796	      0.0000

 Demand Misses		      124226	           0	      124226	         737	      123489	           0
  Demand miss rate	      0.0559	      0.0000	      0.0559	      0.0006	      0.1160	      0.0000

 Multi-block refs                42
 Bytes From Memory	        2968
 ( / Demand Fetches)	      0.0013
 Bytes To Memory	      494360
 ( / Demand Writes)	      0.4643
 Total Bytes r/w Mem	      497328
 ( / Demand Fetches)	      0.2240

---Execution complete.
